
                                      ARENA Simulation Results
                                        HP - License: STUDENT

                                  Summary for Replication 1 of 1

Project: Unnamed Project                                             Run execution date : 8/18/2019
Analyst: HP                                                          Model revision date: 8/18/2019

Replication ended at time      : 12.0 Hours 
Base Time Units: Hours

                                           TALLY VARIABLES

Identifier                                  Average   Half Width  Minimum    Maximum   Observations
___________________________________________________________________________________________________

Entity 1.VATime                             .03446     (Insuf)    .01677     .04981         90    
Entity 1.NVATime                            .00000     (Insuf)    .00000     .00000         90    
Entity 1.WaitTime                           .00698     (Insuf)    .00000     .05989         90    
Entity 1.TranTime                           .00000     (Insuf)    .00000     .00000         90    
Entity 1.OtherTime                          .00000     (Insuf)    .00000     .00000         90    
Entity 1.TotalTime                          .04144     (Insuf)    .01677     .08590         90    
Process 1.Queue.WaitingTime                 .00698     (Insuf)    .00000     .05989         90    

                                     DISCRETE-CHANGE VARIABLES

Identifier                                  Average   Half Width  Minimum    Maximum   Final Value
___________________________________________________________________________________________________

Entity 1.WIP                                .31081     (Insuf)    .00000     3.0000     .00000    
Resource 1.NumberBusy                       .25848     (Insuf)    .00000     1.0000     .00000    
Resource 1.NumberScheduled                  1.0000     (Insuf)    1.0000     1.0000     1.0000    
Resource 1.Utilization                      .25848     (Insuf)    .00000     1.0000     .00000    
Process 1.Queue.NumberInQueue               .05233     (Insuf)    .00000     2.0000     .00000    

                                             OUTPUTS

Identifier                                   Value
_____________________________________________________________

Entity 1.NumberIn                           90.000    
Entity 1.NumberOut                          90.000    
Resource 1.NumberSeized                     90.000    
Resource 1.ScheduledUtilization             .25848    
System.NumberOut                            90.000    


Simulation run time: 0.00 minutes.
Simulation run complete.
