
                                      ARENA Simulation Results
                                        HP - License: STUDENT

                                  Summary for Replication 1 of 1

Project: Unnamed Project                                             Run execution date : 8/17/2019
Analyst: HP                                                          Model revision date: 8/17/2019

Replication ended at time      : 720.0 Hours 
Base Time Units: Hours

                                           TALLY VARIABLES

Identifier                                  Average   Half Width  Minimum    Maximum   Observations
___________________________________________________________________________________________________

Entity 1.VATime                             8.1277     (Insuf)    .70938     28.857         75    
Entity 1.NVATime                            .00000     (Insuf)    .00000     .00000         75    
Entity 1.WaitTime                           155.63     (Insuf)    .24069     477.59         75    
Entity 1.TranTime                           .00000     (Insuf)    .00000     .00000         75    
Entity 1.OtherTime                          .00000     (Insuf)    .00000     .00000         75    
Entity 1.TotalTime                          163.75     (Insuf)    2.4436     493.41         75    
Repair.Queue.WaitingTime                    80.800     (Insuf)    .00000     155.78        111    
Inspector.Queue.WaitingTime                 81.918     (Insuf)    .24069     158.52         84    

                                     DISCRETE-CHANGE VARIABLES

Identifier                                  Average   Half Width  Minimum    Maximum   Final Value
___________________________________________________________________________________________________

Entity 1.WIP                                29.693     (Insuf)    .00000     66.000     66.000    
Resource 1.NumberBusy                       1.0000     (Insuf)    .00000     1.0000     1.0000    
Resource 1.NumberScheduled                  1.0000     (Insuf)    1.0000     1.0000     1.0000    
Resource 1.Utilization                      1.0000     (Insuf)    .00000     1.0000     1.0000    
Repair.Queue.NumberInQueue                  16.575     (Insuf)    .00000     41.000     39.000    
Inspector.Queue.NumberInQueue               12.118     (Insuf)    .00000     27.000     26.000    

                                             OUTPUTS

Identifier                                   Value
_____________________________________________________________

Entity 1.NumberIn                           141.00    
Entity 1.NumberOut                          75.000    
Resource 1.NumberSeized                     195.00    
Resource 1.ScheduledUtilization             1.0000    
System.NumberOut                            75.000    


Simulation run time: 0.02 minutes.
Simulation run complete.
