
                                      ARENA Simulation Results
                                        HP - License: STUDENT

                                  Summary for Replication 1 of 1

Project: Unnamed Project                                             Run execution date : 8/18/2019
Analyst: HP                                                          Model revision date: 8/18/2019

Replication ended at time      : 20.0 Hours (Friday, August 16, 2019, 16:54:03)
Base Time Units: Hours

                                           TALLY VARIABLES

Identifier                                  Average   Half Width  Minimum    Maximum   Observations
___________________________________________________________________________________________________

Entity 1.VATime                             .09022     (Insuf)    .05844     .24552        176    
Entity 1.NVATime                            .00000     (Insuf)    .00000     .00000        176    
Entity 1.WaitTime                           .26277     (Insuf)    .00000     1.2018        176    
Entity 1.TranTime                           .00000     (Insuf)    .00000     .00000        176    
Entity 1.OtherTime                          .00000     (Insuf)    .00000     .00000        176    
Entity 1.TotalTime                          .35299     (Insuf)    .06228     1.4227        176    
Booth.Queue.WaitingTime                     .12550     (Insuf)    .00000     .44705        176    
Queue.Queue.WaitingTime                     .10643     (Insuf)    .00000     .44341        227    

                                     DISCRETE-CHANGE VARIABLES

Identifier                                  Average   Half Width  Minimum    Maximum   Final Value
___________________________________________________________________________________________________

Entity 1.WIP                                3.1101     (Corr)     .00000     11.000     1.0000    
Resource 1.NumberBusy                       .79773     (Insuf)    .00000     1.0000     1.0000    
Resource 1.NumberScheduled                  1.0000     (Insuf)    1.0000     1.0000     1.0000    
Resource 1.Utilization                      .79773     (Insuf)    .00000     1.0000     1.0000    
Booth.Queue.NumberInQueue                   1.1044     (Insuf)    .00000     7.0000     .00000    
Queue.Queue.NumberInQueue                   1.2079     (Insuf)    .00000     8.0000     .00000    

                                             OUTPUTS

Identifier                                   Value
_____________________________________________________________

Entity 1.NumberIn                           177.00    
Entity 1.NumberOut                          176.00    
Resource 1.NumberSeized                     403.00    
Resource 1.ScheduledUtilization             .79773    
System.NumberOut                            176.00    


Simulation run time: 0.02 minutes.
Simulation run complete.
