
                                      ARENA Simulation Results
                                        HP - License: STUDENT

                                  Summary for Replication 1 of 1

Project: Unnamed Project                                             Run execution date : 8/18/2019
Analyst: HP                                                          Model revision date: 8/18/2019

Replication ended at time      : 20.0 Hours (Saturday, August 17, 2019, 12:42:56)
Base Time Units: Hours

                                           TALLY VARIABLES

Identifier                                  Average   Half Width  Minimum    Maximum   Observations
___________________________________________________________________________________________________

Entity 1.VATime                             .02213     (Insuf)    .00000     .04981        156    
Entity 1.NVATime                            .00000     (Insuf)    .00000     .00000        156    
Entity 1.WaitTime                           .00436     (Insuf)    .00000     .05989        156    
Entity 1.TranTime                           .00000     (Insuf)    .00000     .00000        156    
Entity 1.OtherTime                          .00000     (Insuf)    .00000     .00000        156    
Entity 1.TotalTime                          .02649     (Insuf)    .00000     .08590        156    
Shop.Queue.WaitingTime                      .00681     (Insuf)    .00000     .05989        100    

                                     DISCRETE-CHANGE VARIABLES

Identifier                                  Average   Half Width  Minimum    Maximum   Final Value
___________________________________________________________________________________________________

Entity 1.WIP                                .20665     (Insuf)    .00000     3.0000     .00000    
Toothpaste.NumberBusy                       .17261     (Insuf)    .00000     1.0000     .00000    
Toothpaste.NumberScheduled                  1.0000     (Insuf)    1.0000     1.0000     1.0000    
Toothpaste.Utilization                      .17261     (Insuf)    .00000     1.0000     .00000    
Shop.Queue.NumberInQueue                    .03404     (Insuf)    .00000     2.0000     .00000    

                                             OUTPUTS

Identifier                                   Value
_____________________________________________________________

Entity 1.NumberIn                           156.00    
Entity 1.NumberOut                          156.00    
Toothpaste.NumberSeized                     100.00    
Toothpaste.ScheduledUtilization             .17261    
System.NumberOut                            156.00    


Simulation run time: 0.02 minutes.
Simulation run complete.
